<?xml version="1.0" encoding="UTF-8"?>
<!-- Generated by org.testng.reporters.JUnitReportReporter -->
<testsuite hostname="DESKTOP-7M69QR2" failures="0" tests="4" name="selenium9.test1" time="0.209" errors="0" timestamp="21 Jun 2025 10:53:42 GMT">
  <testcase classname="selenium9.test1" name="regular" time="0.047"/>
  <testcase classname="selenium9.test1" name="streamCollect" time="0.089"/>
  <testcase classname="selenium9.test1" name="streamFilter" time="0.020"/>
  <testcase classname="selenium9.test1" name="streamMap" time="0.053"/>
</testsuite> <!-- selenium9.test1 -->
