<?xml version="1.0" encoding="UTF-8"?>
<!-- Generated by org.testng.reporters.JUnitReportReporter -->
<testsuite hostname="DESKTOP-7M69QR2" failures="0" tests="3" name="section16.class4" time="0.056" errors="0" timestamp="21 Jun 2025 11:26:50 GMT">
  <testcase classname="section16.class4" name="webLogicHomeLoan" time="0.006"/>
  <testcase classname="section16.class4" name="apiLogicHomeLoan" time="0.039"/>
  <testcase classname="section16.class4" name="mobileLogicHomeLoan" time="0.011"/>
</testsuite> <!-- section16.class4 -->
