<?xml version="1.0" encoding="UTF-8"?>
<!-- Generated by org.testng.reporters.JUnitReportReporter -->
<testsuite hostname="DESKTOP-7M69QR2" failures="0" tests="4" name="section16.day4" time="0.037" errors="0" timestamp="25 Jun 2025 09:14:15 GMT">
  <testcase classname="section16.day4" name="api" time="0.007"/>
  <testcase classname="section16.day4" name="mobile" time="0.015"/>
  <testcase classname="section16.day4" name="webLog" time="0.011"/>
  <testcase classname="section16.day4" name="webLogisthekey" time="0.004"/>
</testsuite> <!-- section16.day4 -->
