<?xml version="1.0" encoding="UTF-8"?>
<!-- Generated by org.testng.reporters.JUnitReportReporter -->
<testsuite hostname="DESKTOP-7M69QR2" failures="0" tests="1" name="section16.PS1" time="0.031" errors="0" timestamp="25 Jun 2025 10:12:08 GMT">
  <testcase classname="section16.PS1" name="testRun" time="0.031"/>
</testsuite> <!-- section16.PS1 -->
