<?xml version="1.0" encoding="UTF-8"?>
<!-- Generated by org.testng.reporters.JUnitReportReporter -->
<testsuite hostname="DESKTOP-7M69QR2" failures="0" tests="2" name="section16.day3" time="0.048" errors="0" timestamp="25 Jun 2025 09:14:15 GMT">
  <testcase classname="section16.day3" name="webLogisthekey" time="0.036"/>
  <testcase classname="section16.day3" name="webLogicCarLoan" time="0.012"/>
</testsuite> <!-- section16.day3 -->
