<?xml version="1.0" encoding="UTF-8"?>
<!-- Generated by org.testng.reporters.JUnitReportReporter -->
<testsuite hostname="DESKTOP-7M69QR2" failures="0" tests="4" name="section16.day2" time="0.034" errors="0" timestamp="25 Jun 2025 09:14:15 GMT">
  <testcase classname="section16.day2" name="apiLogicHomeLoan" time="0.005"/>
  <testcase classname="section16.day2" name="webLogisthekey" time="0.013"/>
  <testcase classname="section16.day2" name="mobileLogicHomeLoan" time="0.012"/>
  <testcase classname="section16.day2" name="webLogicHomeLoan" time="0.004"/>
</testsuite> <!-- section16.day2 -->
